com.pilot.ReplyBoardApplication 2016-05-03 15:08:01 [main] INFO  com.pilot.ReplyBoardApplication - Starting ReplyBoardApplication on DESKTOP-QF0LFI8 with PID 6252 (C:\dev\ide\sts\workspace\reply_board\bin started by 강승윤 in C:\dev\ide\sts\workspace\reply_board)
com.pilot.ReplyBoardApplication 2016-05-03 15:08:01 [main] INFO  com.pilot.ReplyBoardApplication - No active profile set, falling back to default profiles: default
o.h.validator.internal.util.Version 2016-05-03 15:08:02 [background-preinit] INFO  o.h.validator.internal.util.Version - HV000001: Hibernate Validator 5.2.4.Final
o.s.b.c.e.AnnotationConfigEmbeddedWebApplicationContext 2016-05-03 15:08:02 [main] INFO  o.s.b.c.e.AnnotationConfigEmbeddedWebApplicationContext - Refreshing org.springframework.boot.context.embedded.AnnotationConfigEmbeddedWebApplicationContext@12b0404f: startup date [Tue May 03 15:08:02 KST 2016]; root of context hierarchy
o.s.b.c.e.AnnotationConfigEmbeddedWebApplicationContext 2016-05-03 15:08:02 [main] INFO  o.s.b.c.e.AnnotationConfigEmbeddedWebApplicationContext - Refreshing org.springframework.boot.context.embedded.AnnotationConfigEmbeddedWebApplicationContext@12b0404f: startup date [Tue May 03 15:08:02 KST 2016]; root of context hierarchy
o.s.b.f.s.DefaultListableBeanFactory 2016-05-03 15:08:03 [main] INFO  o.s.b.f.s.DefaultListableBeanFactory - Overriding bean definition for bean 'beanNameViewResolver' with a different definition: replacing [Root bean: class [null]; scope=; abstract=false; lazyInit=false; autowireMode=3; dependencyCheck=0; autowireCandidate=true; primary=false; factoryBeanName=org.springframework.boot.autoconfigure.web.ErrorMvcAutoConfiguration$WhitelabelErrorViewConfiguration; factoryMethodName=beanNameViewResolver; initMethodName=null; destroyMethodName=(inferred); defined in class path resource [org/springframework/boot/autoconfigure/web/ErrorMvcAutoConfiguration$WhitelabelErrorViewConfiguration.class]] with [Root bean: class [null]; scope=; abstract=false; lazyInit=false; autowireMode=3; dependencyCheck=0; autowireCandidate=true; primary=false; factoryBeanName=org.springframework.boot.autoconfigure.web.WebMvcAutoConfiguration$WebMvcAutoConfigurationAdapter; factoryMethodName=beanNameViewResolver; initMethodName=null; destroyMethodName=(inferred); defined in class path resource [org/springframework/boot/autoconfigure/web/WebMvcAutoConfiguration$WebMvcAutoConfigurationAdapter.class]]
o.s.b.f.s.DefaultListableBeanFactory 2016-05-03 15:08:03 [main] INFO  o.s.b.f.s.DefaultListableBeanFactory - Overriding bean definition for bean 'beanNameViewResolver' with a different definition: replacing [Root bean: class [null]; scope=; abstract=false; lazyInit=false; autowireMode=3; dependencyCheck=0; autowireCandidate=true; primary=false; factoryBeanName=org.springframework.boot.autoconfigure.web.ErrorMvcAutoConfiguration$WhitelabelErrorViewConfiguration; factoryMethodName=beanNameViewResolver; initMethodName=null; destroyMethodName=(inferred); defined in class path resource [org/springframework/boot/autoconfigure/web/ErrorMvcAutoConfiguration$WhitelabelErrorViewConfiguration.class]] with [Root bean: class [null]; scope=; abstract=false; lazyInit=false; autowireMode=3; dependencyCheck=0; autowireCandidate=true; primary=false; factoryBeanName=org.springframework.boot.autoconfigure.web.WebMvcAutoConfiguration$WebMvcAutoConfigurationAdapter; factoryMethodName=beanNameViewResolver; initMethodName=null; destroyMethodName=(inferred); defined in class path resource [org/springframework/boot/autoconfigure/web/WebMvcAutoConfiguration$WebMvcAutoConfigurationAdapter.class]]
o.s.c.s.PostProcessorRegistrationDelegate$BeanPostProcessorChecker 2016-05-03 15:08:03 [main] INFO  o.s.c.s.PostProcessorRegistrationDelegate$BeanPostProcessorChecker - Bean 'org.springframework.transaction.annotation.ProxyTransactionManagementConfiguration' of type [class org.springframework.transaction.annotation.ProxyTransactionManagementConfiguration$$EnhancerBySpringCGLIB$$58fc3a1] is not eligible for getting processed by all BeanPostProcessors (for example: not eligible for auto-proxying)
o.s.c.s.PostProcessorRegistrationDelegate$BeanPostProcessorChecker 2016-05-03 15:08:03 [main] INFO  o.s.c.s.PostProcessorRegistrationDelegate$BeanPostProcessorChecker - Bean 'org.springframework.transaction.annotation.ProxyTransactionManagementConfiguration' of type [class org.springframework.transaction.annotation.ProxyTransactionManagementConfiguration$$EnhancerBySpringCGLIB$$58fc3a1] is not eligible for getting processed by all BeanPostProcessors (for example: not eligible for auto-proxying)
o.s.b.c.e.t.TomcatEmbeddedServletContainer 2016-05-03 15:08:04 [main] INFO  o.s.b.c.e.t.TomcatEmbeddedServletContainer - Tomcat initialized with port(s): 80 (http)
o.s.b.c.e.t.TomcatEmbeddedServletContainer 2016-05-03 15:08:04 [main] INFO  o.s.b.c.e.t.TomcatEmbeddedServletContainer - Tomcat initialized with port(s): 80 (http)
o.a.catalina.core.StandardService 2016-05-03 15:08:04 [main] INFO  o.a.catalina.core.StandardService - Starting service Tomcat
o.a.catalina.core.StandardEngine 2016-05-03 15:08:04 [main] INFO  o.a.catalina.core.StandardEngine - Starting Servlet Engine: Apache Tomcat/8.0.32
o.a.c.c.C.[Tomcat].[localhost].[/] 2016-05-03 15:08:04 [localhost-startStop-1] INFO  o.a.c.c.C.[Tomcat].[localhost].[/] - Initializing Spring embedded WebApplicationContext
o.s.web.context.ContextLoader 2016-05-03 15:08:04 [localhost-startStop-1] INFO  o.s.web.context.ContextLoader - Root WebApplicationContext: initialization completed in 2397 ms
o.s.web.context.ContextLoader 2016-05-03 15:08:04 [localhost-startStop-1] INFO  o.s.web.context.ContextLoader - Root WebApplicationContext: initialization completed in 2397 ms
o.s.b.c.e.ServletRegistrationBean 2016-05-03 15:08:04 [localhost-startStop-1] INFO  o.s.b.c.e.ServletRegistrationBean - Mapping servlet: 'dispatcherServlet' to [/]
o.s.b.c.e.ServletRegistrationBean 2016-05-03 15:08:04 [localhost-startStop-1] INFO  o.s.b.c.e.ServletRegistrationBean - Mapping servlet: 'dispatcherServlet' to [/]
o.s.b.c.e.FilterRegistrationBean 2016-05-03 15:08:04 [localhost-startStop-1] INFO  o.s.b.c.e.FilterRegistrationBean - Mapping filter: 'characterEncodingFilter' to: [/*]
o.s.b.c.e.FilterRegistrationBean 2016-05-03 15:08:04 [localhost-startStop-1] INFO  o.s.b.c.e.FilterRegistrationBean - Mapping filter: 'characterEncodingFilter' to: [/*]
o.s.b.c.e.FilterRegistrationBean 2016-05-03 15:08:04 [localhost-startStop-1] INFO  o.s.b.c.e.FilterRegistrationBean - Mapping filter: 'hiddenHttpMethodFilter' to: [/*]
o.s.b.c.e.FilterRegistrationBean 2016-05-03 15:08:04 [localhost-startStop-1] INFO  o.s.b.c.e.FilterRegistrationBean - Mapping filter: 'hiddenHttpMethodFilter' to: [/*]
o.s.b.c.e.FilterRegistrationBean 2016-05-03 15:08:04 [localhost-startStop-1] INFO  o.s.b.c.e.FilterRegistrationBean - Mapping filter: 'httpPutFormContentFilter' to: [/*]
o.s.b.c.e.FilterRegistrationBean 2016-05-03 15:08:04 [localhost-startStop-1] INFO  o.s.b.c.e.FilterRegistrationBean - Mapping filter: 'httpPutFormContentFilter' to: [/*]
o.s.b.c.e.FilterRegistrationBean 2016-05-03 15:08:04 [localhost-startStop-1] INFO  o.s.b.c.e.FilterRegistrationBean - Mapping filter: 'requestContextFilter' to: [/*]
o.s.b.c.e.FilterRegistrationBean 2016-05-03 15:08:04 [localhost-startStop-1] INFO  o.s.b.c.e.FilterRegistrationBean - Mapping filter: 'requestContextFilter' to: [/*]
o.s.j.d.DriverManagerDataSource 2016-05-03 15:08:04 [main] INFO  o.s.j.d.DriverManagerDataSource - Loaded JDBC driver: org.mariadb.jdbc.Driver
o.s.j.d.DriverManagerDataSource 2016-05-03 15:08:04 [main] INFO  o.s.j.d.DriverManagerDataSource - Loaded JDBC driver: org.mariadb.jdbc.Driver
o.s.o.j.LocalContainerEntityManagerFactoryBean 2016-05-03 15:08:05 [main] INFO  o.s.o.j.LocalContainerEntityManagerFactoryBean - Building JPA container EntityManagerFactory for persistence unit 'default'
o.s.o.j.LocalContainerEntityManagerFactoryBean 2016-05-03 15:08:05 [main] INFO  o.s.o.j.LocalContainerEntityManagerFactoryBean - Building JPA container EntityManagerFactory for persistence unit 'default'
o.h.jpa.internal.util.LogHelper 2016-05-03 15:08:05 [main] INFO  o.h.jpa.internal.util.LogHelper - HHH000204: Processing PersistenceUnitInfo [
	name: default
	...]
org.hibernate.Version 2016-05-03 15:08:05 [main] INFO  org.hibernate.Version - HHH000412: Hibernate Core {4.3.11.Final}
org.hibernate.cfg.Environment 2016-05-03 15:08:05 [main] INFO  org.hibernate.cfg.Environment - HHH000206: hibernate.properties not found
org.hibernate.cfg.Environment 2016-05-03 15:08:05 [main] INFO  org.hibernate.cfg.Environment - HHH000021: Bytecode provider name : javassist
o.h.annotations.common.Version 2016-05-03 15:08:05 [main] INFO  o.h.annotations.common.Version - HCANN000001: Hibernate Commons Annotations {4.0.5.Final}
org.hibernate.dialect.Dialect 2016-05-03 15:08:05 [main] INFO  org.hibernate.dialect.Dialect - HHH000400: Using dialect: org.hibernate.dialect.MySQL5Dialect
o.h.h.i.a.ASTQueryTranslatorFactory 2016-05-03 15:08:05 [main] INFO  o.h.h.i.a.ASTQueryTranslatorFactory - HHH000397: Using ASTQueryTranslatorFactory
org.hibernate.dialect.Dialect 2016-05-03 15:08:06 [main] INFO  org.hibernate.dialect.Dialect - HHH000400: Using dialect: org.hibernate.dialect.MySQL5Dialect
o.h.e.t.i.TransactionFactoryInitiator 2016-05-03 15:08:06 [main] INFO  o.h.e.t.i.TransactionFactoryInitiator - HHH000399: Using default transaction strategy (direct JDBC transactions)
o.h.h.i.a.ASTQueryTranslatorFactory 2016-05-03 15:08:06 [main] INFO  o.h.h.i.a.ASTQueryTranslatorFactory - HHH000397: Using ASTQueryTranslatorFactory
o.s.o.h.HibernateTransactionManager 2016-05-03 15:08:06 [main] INFO  o.s.o.h.HibernateTransactionManager - Using DataSource [org.springframework.jdbc.datasource.DriverManagerDataSource@5a1dddba] of Hibernate SessionFactory for HibernateTransactionManager
o.s.o.h.HibernateTransactionManager 2016-05-03 15:08:06 [main] INFO  o.s.o.h.HibernateTransactionManager - Using DataSource [org.springframework.jdbc.datasource.DriverManagerDataSource@5a1dddba] of Hibernate SessionFactory for HibernateTransactionManager
o.s.w.s.m.m.a.RequestMappingHandlerAdapter 2016-05-03 15:08:06 [main] INFO  o.s.w.s.m.m.a.RequestMappingHandlerAdapter - Looking for @ControllerAdvice: org.springframework.boot.context.embedded.AnnotationConfigEmbeddedWebApplicationContext@12b0404f: startup date [Tue May 03 15:08:02 KST 2016]; root of context hierarchy
o.s.w.s.m.m.a.RequestMappingHandlerAdapter 2016-05-03 15:08:06 [main] INFO  o.s.w.s.m.m.a.RequestMappingHandlerAdapter - Looking for @ControllerAdvice: org.springframework.boot.context.embedded.AnnotationConfigEmbeddedWebApplicationContext@12b0404f: startup date [Tue May 03 15:08:02 KST 2016]; root of context hierarchy
o.s.w.s.m.m.a.RequestMappingHandlerMapping 2016-05-03 15:08:06 [main] INFO  o.s.w.s.m.m.a.RequestMappingHandlerMapping - Mapped "{[/logout],methods=[POST]}" onto public java.lang.String com.pilot.controller.AjaxController.logout(javax.servlet.http.HttpSession)
o.s.w.s.m.m.a.RequestMappingHandlerMapping 2016-05-03 15:08:06 [main] INFO  o.s.w.s.m.m.a.RequestMappingHandlerMapping - Mapped "{[/logout],methods=[POST]}" onto public java.lang.String com.pilot.controller.AjaxController.logout(javax.servlet.http.HttpSession)
o.s.w.s.m.m.a.RequestMappingHandlerMapping 2016-05-03 15:08:06 [main] INFO  o.s.w.s.m.m.a.RequestMappingHandlerMapping - Mapped "{[/delete],methods=[GET]}" onto public java.lang.String com.pilot.controller.AjaxController.delete(java.lang.String,java.lang.Integer)
o.s.w.s.m.m.a.RequestMappingHandlerMapping 2016-05-03 15:08:06 [main] INFO  o.s.w.s.m.m.a.RequestMappingHandlerMapping - Mapped "{[/delete],methods=[GET]}" onto public java.lang.String com.pilot.controller.AjaxController.delete(java.lang.String,java.lang.Integer)
o.s.w.s.m.m.a.RequestMappingHandlerMapping 2016-05-03 15:08:06 [main] INFO  o.s.w.s.m.m.a.RequestMappingHandlerMapping - Mapped "{[/upload],methods=[POST]}" onto public java.lang.String com.pilot.controller.AjaxController.uploadPost(org.springframework.web.multipart.MultipartRequest,com.pilot.validator.WriteForm,org.springframework.validation.BindingResult,javax.servlet.http.HttpSession)
o.s.w.s.m.m.a.RequestMappingHandlerMapping 2016-05-03 15:08:06 [main] INFO  o.s.w.s.m.m.a.RequestMappingHandlerMapping - Mapped "{[/upload],methods=[POST]}" onto public java.lang.String com.pilot.controller.AjaxController.uploadPost(org.springframework.web.multipart.MultipartRequest,com.pilot.validator.WriteForm,org.springframework.validation.BindingResult,javax.servlet.http.HttpSession)
o.s.w.s.m.m.a.RequestMappingHandlerMapping 2016-05-03 15:08:06 [main] INFO  o.s.w.s.m.m.a.RequestMappingHandlerMapping - Mapped "{[/list_size],methods=[GET]}" onto public com.pilot.dto.ListSizeDTO com.pilot.controller.AjaxController.getListSize()
o.s.w.s.m.m.a.RequestMappingHandlerMapping 2016-05-03 15:08:06 [main] INFO  o.s.w.s.m.m.a.RequestMappingHandlerMapping - Mapped "{[/list_size],methods=[GET]}" onto public com.pilot.dto.ListSizeDTO com.pilot.controller.AjaxController.getListSize()
o.s.w.s.m.m.a.RequestMappingHandlerMapping 2016-05-03 15:08:06 [main] INFO  o.s.w.s.m.m.a.RequestMappingHandlerMapping - Mapped "{[/form/login],methods=[GET]}" onto public java.lang.String com.pilot.controller.FormController.login(javax.servlet.http.HttpSession,javax.servlet.http.HttpServletRequest)
o.s.w.s.m.m.a.RequestMappingHandlerMapping 2016-05-03 15:08:06 [main] INFO  o.s.w.s.m.m.a.RequestMappingHandlerMapping - Mapped "{[/form/login],methods=[GET]}" onto public java.lang.String com.pilot.controller.FormController.login(javax.servlet.http.HttpSession,javax.servlet.http.HttpServletRequest)
o.s.w.s.m.m.a.RequestMappingHandlerMapping 2016-05-03 15:08:06 [main] INFO  o.s.w.s.m.m.a.RequestMappingHandlerMapping - Mapped "{[/form/login],methods=[POST]}" onto public java.lang.String com.pilot.controller.FormController.loginProcess(com.pilot.validator.LoginForm,org.springframework.validation.BindingResult,javax.servlet.http.HttpSession)
o.s.w.s.m.m.a.RequestMappingHandlerMapping 2016-05-03 15:08:06 [main] INFO  o.s.w.s.m.m.a.RequestMappingHandlerMapping - Mapped "{[/form/login],methods=[POST]}" onto public java.lang.String com.pilot.controller.FormController.loginProcess(com.pilot.validator.LoginForm,org.springframework.validation.BindingResult,javax.servlet.http.HttpSession)
o.s.w.s.m.m.a.RequestMappingHandlerMapping 2016-05-03 15:08:06 [main] INFO  o.s.w.s.m.m.a.RequestMappingHandlerMapping - Mapped "{[/form/join],methods=[GET]}" onto public java.lang.String com.pilot.controller.FormController.join()
o.s.w.s.m.m.a.RequestMappingHandlerMapping 2016-05-03 15:08:06 [main] INFO  o.s.w.s.m.m.a.RequestMappingHandlerMapping - Mapped "{[/form/join],methods=[GET]}" onto public java.lang.String com.pilot.controller.FormController.join()
o.s.w.s.m.m.a.RequestMappingHandlerMapping 2016-05-03 15:08:06 [main] INFO  o.s.w.s.m.m.a.RequestMappingHandlerMapping - Mapped "{[/form/join],methods=[POST]}" onto public java.lang.String com.pilot.controller.FormController.joinProcess(com.pilot.validator.JoinForm,org.springframework.validation.BindingResult)
o.s.w.s.m.m.a.RequestMappingHandlerMapping 2016-05-03 15:08:06 [main] INFO  o.s.w.s.m.m.a.RequestMappingHandlerMapping - Mapped "{[/form/join],methods=[POST]}" onto public java.lang.String com.pilot.controller.FormController.joinProcess(com.pilot.validator.JoinForm,org.springframework.validation.BindingResult)
o.s.w.s.m.m.a.RequestMappingHandlerMapping 2016-05-03 15:08:06 [main] INFO  o.s.w.s.m.m.a.RequestMappingHandlerMapping - Mapped "{[/list],methods=[GET]}" onto public java.lang.String com.pilot.controller.ListController.showList(java.lang.Integer,org.springframework.ui.Model,javax.servlet.http.HttpSession)
o.s.w.s.m.m.a.RequestMappingHandlerMapping 2016-05-03 15:08:06 [main] INFO  o.s.w.s.m.m.a.RequestMappingHandlerMapping - Mapped "{[/list],methods=[GET]}" onto public java.lang.String com.pilot.controller.ListController.showList(java.lang.Integer,org.springframework.ui.Model,javax.servlet.http.HttpSession)
o.s.w.s.m.m.a.RequestMappingHandlerMapping 2016-05-03 15:08:06 [main] INFO  o.s.w.s.m.m.a.RequestMappingHandlerMapping - Mapped "{[/list/edit],methods=[GET]}" onto public java.lang.String com.pilot.controller.ListController.edit(java.lang.String,java.lang.Integer,org.springframework.ui.Model)
o.s.w.s.m.m.a.RequestMappingHandlerMapping 2016-05-03 15:08:06 [main] INFO  o.s.w.s.m.m.a.RequestMappingHandlerMapping - Mapped "{[/list/edit],methods=[GET]}" onto public java.lang.String com.pilot.controller.ListController.edit(java.lang.String,java.lang.Integer,org.springframework.ui.Model)
o.s.w.s.m.m.a.RequestMappingHandlerMapping 2016-05-03 15:08:06 [main] INFO  o.s.w.s.m.m.a.RequestMappingHandlerMapping - Mapped "{[/error]}" onto public org.springframework.http.ResponseEntity<java.util.Map<java.lang.String, java.lang.Object>> org.springframework.boot.autoconfigure.web.BasicErrorController.error(javax.servlet.http.HttpServletRequest)
o.s.w.s.m.m.a.RequestMappingHandlerMapping 2016-05-03 15:08:06 [main] INFO  o.s.w.s.m.m.a.RequestMappingHandlerMapping - Mapped "{[/error]}" onto public org.springframework.http.ResponseEntity<java.util.Map<java.lang.String, java.lang.Object>> org.springframework.boot.autoconfigure.web.BasicErrorController.error(javax.servlet.http.HttpServletRequest)
o.s.w.s.m.m.a.RequestMappingHandlerMapping 2016-05-03 15:08:06 [main] INFO  o.s.w.s.m.m.a.RequestMappingHandlerMapping - Mapped "{[/error],produces=[text/html]}" onto public org.springframework.web.servlet.ModelAndView org.springframework.boot.autoconfigure.web.BasicErrorController.errorHtml(javax.servlet.http.HttpServletRequest,javax.servlet.http.HttpServletResponse)
o.s.w.s.m.m.a.RequestMappingHandlerMapping 2016-05-03 15:08:06 [main] INFO  o.s.w.s.m.m.a.RequestMappingHandlerMapping - Mapped "{[/error],produces=[text/html]}" onto public org.springframework.web.servlet.ModelAndView org.springframework.boot.autoconfigure.web.BasicErrorController.errorHtml(javax.servlet.http.HttpServletRequest,javax.servlet.http.HttpServletResponse)
o.s.w.s.h.SimpleUrlHandlerMapping 2016-05-03 15:08:06 [main] INFO  o.s.w.s.h.SimpleUrlHandlerMapping - Mapped URL path [/webjars/**] onto handler of type [class org.springframework.web.servlet.resource.ResourceHttpRequestHandler]
o.s.w.s.h.SimpleUrlHandlerMapping 2016-05-03 15:08:06 [main] INFO  o.s.w.s.h.SimpleUrlHandlerMapping - Mapped URL path [/webjars/**] onto handler of type [class org.springframework.web.servlet.resource.ResourceHttpRequestHandler]
o.s.w.s.h.SimpleUrlHandlerMapping 2016-05-03 15:08:06 [main] INFO  o.s.w.s.h.SimpleUrlHandlerMapping - Mapped URL path [/**] onto handler of type [class org.springframework.web.servlet.resource.ResourceHttpRequestHandler]
o.s.w.s.h.SimpleUrlHandlerMapping 2016-05-03 15:08:06 [main] INFO  o.s.w.s.h.SimpleUrlHandlerMapping - Mapped URL path [/**] onto handler of type [class org.springframework.web.servlet.resource.ResourceHttpRequestHandler]
o.s.w.s.h.SimpleUrlHandlerMapping 2016-05-03 15:08:06 [main] INFO  o.s.w.s.h.SimpleUrlHandlerMapping - Mapped URL path [/**/favicon.ico] onto handler of type [class org.springframework.web.servlet.resource.ResourceHttpRequestHandler]
o.s.w.s.h.SimpleUrlHandlerMapping 2016-05-03 15:08:06 [main] INFO  o.s.w.s.h.SimpleUrlHandlerMapping - Mapped URL path [/**/favicon.ico] onto handler of type [class org.springframework.web.servlet.resource.ResourceHttpRequestHandler]
o.s.j.e.a.AnnotationMBeanExporter 2016-05-03 15:08:07 [main] INFO  o.s.j.e.a.AnnotationMBeanExporter - Registering beans for JMX exposure on startup
o.s.j.e.a.AnnotationMBeanExporter 2016-05-03 15:08:07 [main] INFO  o.s.j.e.a.AnnotationMBeanExporter - Registering beans for JMX exposure on startup
o.a.coyote.http11.Http11NioProtocol 2016-05-03 15:08:07 [main] INFO  o.a.coyote.http11.Http11NioProtocol - Initializing ProtocolHandler ["http-nio-80"]
o.a.coyote.http11.Http11NioProtocol 2016-05-03 15:08:07 [main] INFO  o.a.coyote.http11.Http11NioProtocol - Starting ProtocolHandler ["http-nio-80"]
o.a.tomcat.util.net.NioSelectorPool 2016-05-03 15:08:07 [main] INFO  o.a.tomcat.util.net.NioSelectorPool - Using a shared selector for servlet write/read
o.s.b.c.e.t.TomcatEmbeddedServletContainer 2016-05-03 15:08:07 [main] INFO  o.s.b.c.e.t.TomcatEmbeddedServletContainer - Tomcat started on port(s): 80 (http)
o.s.b.c.e.t.TomcatEmbeddedServletContainer 2016-05-03 15:08:07 [main] INFO  o.s.b.c.e.t.TomcatEmbeddedServletContainer - Tomcat started on port(s): 80 (http)
com.pilot.ReplyBoardApplication 2016-05-03 15:08:07 [main] INFO  com.pilot.ReplyBoardApplication - Started ReplyBoardApplication in 5.443 seconds (JVM running for 6.228)
o.a.c.c.C.[Tomcat].[localhost].[/] 2016-05-03 15:08:10 [http-nio-80-exec-1] INFO  o.a.c.c.C.[Tomcat].[localhost].[/] - Initializing Spring FrameworkServlet 'dispatcherServlet'
o.s.web.servlet.DispatcherServlet 2016-05-03 15:08:10 [http-nio-80-exec-1] INFO  o.s.web.servlet.DispatcherServlet - FrameworkServlet 'dispatcherServlet': initialization started
o.s.web.servlet.DispatcherServlet 2016-05-03 15:08:10 [http-nio-80-exec-1] INFO  o.s.web.servlet.DispatcherServlet - FrameworkServlet 'dispatcherServlet': initialization started
o.s.web.servlet.DispatcherServlet 2016-05-03 15:08:10 [http-nio-80-exec-1] INFO  o.s.web.servlet.DispatcherServlet - FrameworkServlet 'dispatcherServlet': initialization completed in 18 ms
o.s.web.servlet.DispatcherServlet 2016-05-03 15:08:10 [http-nio-80-exec-1] INFO  o.s.web.servlet.DispatcherServlet - FrameworkServlet 'dispatcherServlet': initialization completed in 18 ms
org.thymeleaf.TemplateEngine 2016-05-03 15:08:10 [http-nio-80-exec-1] INFO  org.thymeleaf.TemplateEngine - [THYMELEAF] INITIALIZING TEMPLATE ENGINE
o.t.t.AbstractTemplateResolver 2016-05-03 15:08:10 [http-nio-80-exec-1] INFO  o.t.t.AbstractTemplateResolver - [THYMELEAF] INITIALIZING TEMPLATE RESOLVER: org.thymeleaf.templateresolver.TemplateResolver
o.t.t.AbstractTemplateResolver 2016-05-03 15:08:10 [http-nio-80-exec-1] INFO  o.t.t.AbstractTemplateResolver - [THYMELEAF] TEMPLATE RESOLVER INITIALIZED OK
o.t.m.AbstractMessageResolver 2016-05-03 15:08:10 [http-nio-80-exec-1] INFO  o.t.m.AbstractMessageResolver - [THYMELEAF] INITIALIZING MESSAGE RESOLVER: org.thymeleaf.spring4.messageresolver.SpringMessageResolver
o.t.m.AbstractMessageResolver 2016-05-03 15:08:10 [http-nio-80-exec-1] INFO  o.t.m.AbstractMessageResolver - [THYMELEAF] MESSAGE RESOLVER INITIALIZED OK
org.thymeleaf.TemplateEngine.CONFIG 2016-05-03 15:08:10 [http-nio-80-exec-1] INFO  org.thymeleaf.TemplateEngine.CONFIG - [THYMELEAF] TEMPLATE ENGINE CONFIGURATION:
[THYMELEAF] * Cache Factory implementation: org.thymeleaf.cache.StandardCacheManager
[THYMELEAF] * Template modes:
[THYMELEAF]     * VALIDXHTML
[THYMELEAF]     * XML
[THYMELEAF]     * VALIDXML
[THYMELEAF]     * HTML5
[THYMELEAF]     * LEGACYHTML5
[THYMELEAF]     * XHTML
[THYMELEAF] * Template resolvers (in order):
[THYMELEAF]     * org.thymeleaf.templateresolver.TemplateResolver
[THYMELEAF] * Message resolvers (in order):
[THYMELEAF]     * org.thymeleaf.spring4.messageresolver.SpringMessageResolver
[THYMELEAF] * Dialect [1 of 2]: org.thymeleaf.spring4.dialect.SpringStandardDialect
[THYMELEAF]     * Prefix: "th"
[THYMELEAF] * Dialect [2 of 2]: nz.net.ultraq.thymeleaf.LayoutDialect
[THYMELEAF]     * Prefix: "layout"
[THYMELEAF] TEMPLATE ENGINE CONFIGURED OK
org.thymeleaf.TemplateEngine 2016-05-03 15:08:10 [http-nio-80-exec-1] INFO  org.thymeleaf.TemplateEngine - [THYMELEAF] TEMPLATE ENGINE INITIALIZED
com.pilot.dao.UserDao 2016-05-03 15:08:21 [http-nio-80-exec-2] INFO  com.pilot.dao.UserDao - #### Success Save User : UserName is  강승윤, Email is zxc@zxc.com 
o.s.b.a.SpringApplicationAdminMXBeanRegistrar$SpringApplicationAdmin 2016-05-03 15:11:12 [RMI TCP Connection(9)-192.168.192.132] INFO  o.s.b.a.SpringApplicationAdminMXBeanRegistrar$SpringApplicationAdmin - Application shutdown requested.
o.s.b.a.SpringApplicationAdminMXBeanRegistrar$SpringApplicationAdmin 2016-05-03 15:11:12 [RMI TCP Connection(9)-192.168.192.132] INFO  o.s.b.a.SpringApplicationAdminMXBeanRegistrar$SpringApplicationAdmin - Application shutdown requested.
o.s.b.c.e.AnnotationConfigEmbeddedWebApplicationContext 2016-05-03 15:11:12 [RMI TCP Connection(9)-192.168.192.132] INFO  o.s.b.c.e.AnnotationConfigEmbeddedWebApplicationContext - Closing org.springframework.boot.context.embedded.AnnotationConfigEmbeddedWebApplicationContext@12b0404f: startup date [Tue May 03 15:08:02 KST 2016]; root of context hierarchy
o.s.b.c.e.AnnotationConfigEmbeddedWebApplicationContext 2016-05-03 15:11:12 [RMI TCP Connection(9)-192.168.192.132] INFO  o.s.b.c.e.AnnotationConfigEmbeddedWebApplicationContext - Closing org.springframework.boot.context.embedded.AnnotationConfigEmbeddedWebApplicationContext@12b0404f: startup date [Tue May 03 15:08:02 KST 2016]; root of context hierarchy
o.s.j.e.a.AnnotationMBeanExporter 2016-05-03 15:11:12 [RMI TCP Connection(9)-192.168.192.132] INFO  o.s.j.e.a.AnnotationMBeanExporter - Unregistering JMX-exposed beans on shutdown
o.s.j.e.a.AnnotationMBeanExporter 2016-05-03 15:11:12 [RMI TCP Connection(9)-192.168.192.132] INFO  o.s.j.e.a.AnnotationMBeanExporter - Unregistering JMX-exposed beans on shutdown
o.s.o.j.LocalContainerEntityManagerFactoryBean 2016-05-03 15:11:12 [RMI TCP Connection(9)-192.168.192.132] INFO  o.s.o.j.LocalContainerEntityManagerFactoryBean - Closing JPA EntityManagerFactory for persistence unit 'default'
o.s.o.j.LocalContainerEntityManagerFactoryBean 2016-05-03 15:11:12 [RMI TCP Connection(9)-192.168.192.132] INFO  o.s.o.j.LocalContainerEntityManagerFactoryBean - Closing JPA EntityManagerFactory for persistence unit 'default'
